

----------------------------------------
checking for C compiler


----------------------------------------
checking for -Wl,-E switch


----------------------------------------
checking for gcc builtin atomic operations


----------------------------------------
checking for C99 variadic macros


----------------------------------------
checking for gcc variadic macros


----------------------------------------
checking for gcc builtin 64 bit byteswap


----------------------------------------
checking for unistd.h


----------------------------------------
checking for inttypes.h


----------------------------------------
checking for limits.h


----------------------------------------
checking for sys/filio.h

objs/autotest.c:3:10: fatal error: sys/filio.h: No such file or directory
 #include <sys/filio.h>
          ^~~~~~~~~~~~~
compilation terminated.
----------


#include <sys/filio.h>

int main(void) {
    return 0;
}

----------
mips-linux-gnu-gcc -o objs/autotest objs/autotest.c
----------

----------------------------------------
checking for sys/param.h


----------------------------------------
checking for sys/mount.h


----------------------------------------
checking for sys/statvfs.h


----------------------------------------
checking for crypt.h


----------------------------------------
checking for poll()


----------------------------------------
checking for /dev/poll

objs/autotest.c:4:10: fatal error: sys/devpoll.h: No such file or directory
 #include <sys/devpoll.h>
          ^~~~~~~~~~~~~~~
compilation terminated.
----------

#include <sys/types.h>
#include <unistd.h>
#include <sys/devpoll.h>

int main(void) {
    int  n, dp; struct dvpoll  dvp;
                  dp = 0;
                  dvp.dp_fds = NULL;
                  dvp.dp_nfds = 0;
                  dvp.dp_timeout = 0;
                  n = ioctl(dp, DP_POLL, &dvp);
                  if (n == -1) return 1;
    return 0;
}

----------
mips-linux-gnu-gcc -o objs/autotest objs/autotest.c
----------

----------------------------------------
checking for kqueue

objs/autotest.c:4:10: fatal error: sys/event.h: No such file or directory
 #include <sys/event.h>
          ^~~~~~~~~~~~~
compilation terminated.
----------

#include <sys/types.h>
#include <unistd.h>
#include <sys/event.h>

int main(void) {
    (void) kqueue();
    return 0;
}

----------
mips-linux-gnu-gcc -o objs/autotest objs/autotest.c
----------

----------------------------------------
checking for crypt()

/tmp/ccVVWoU6.o: In function `main':
autotest.c:(.text+0x20): undefined reference to `crypt'
collect2: error: ld returned 1 exit status
----------

#include <sys/types.h>
#include <unistd.h>


int main(void) {
    crypt("test", "salt");;
    return 0;
}

----------
mips-linux-gnu-gcc -o objs/autotest objs/autotest.c
----------

----------------------------------------
checking for crypt() in libcrypt


----------------------------------------
checking for F_READAHEAD

objs/autotest.c: In function 'main':
objs/autotest.c:7:14: error: 'F_READAHEAD' undeclared (first use in this function)
     fcntl(0, F_READAHEAD, 1);;
              ^~~~~~~~~~~
objs/autotest.c:7:14: note: each undeclared identifier is reported only once for each function it appears in
----------

#include <sys/types.h>
#include <unistd.h>
#include <fcntl.h>

int main(void) {
    fcntl(0, F_READAHEAD, 1);;
    return 0;
}

----------
mips-linux-gnu-gcc -o objs/autotest objs/autotest.c
----------

----------------------------------------
checking for posix_fadvise()


----------------------------------------
checking for O_DIRECT

objs/autotest.c: In function 'main':
objs/autotest.c:7:23: error: 'O_DIRECT' undeclared (first use in this function); did you mean '__O_DIRECT'?
     fcntl(0, F_SETFL, O_DIRECT);;
                       ^~~~~~~~
                       __O_DIRECT
objs/autotest.c:7:23: note: each undeclared identifier is reported only once for each function it appears in
----------

#include <sys/types.h>
#include <unistd.h>
#include <fcntl.h>

int main(void) {
    fcntl(0, F_SETFL, O_DIRECT);;
    return 0;
}

----------
mips-linux-gnu-gcc -o objs/autotest objs/autotest.c
----------

----------------------------------------
checking for F_NOCACHE

objs/autotest.c: In function 'main':
objs/autotest.c:7:14: error: 'F_NOCACHE' undeclared (first use in this function)
     fcntl(0, F_NOCACHE, 1);;
              ^~~~~~~~~
objs/autotest.c:7:14: note: each undeclared identifier is reported only once for each function it appears in
----------

#include <sys/types.h>
#include <unistd.h>
#include <fcntl.h>

int main(void) {
    fcntl(0, F_NOCACHE, 1);;
    return 0;
}

----------
mips-linux-gnu-gcc -o objs/autotest objs/autotest.c
----------

----------------------------------------
checking for directio()

objs/autotest.c: In function 'main':
objs/autotest.c:8:5: warning: implicit declaration of function 'directio' [-Wimplicit-function-declaration]
     directio(0, DIRECTIO_ON);;
     ^~~~~~~~
objs/autotest.c:8:17: error: 'DIRECTIO_ON' undeclared (first use in this function)
     directio(0, DIRECTIO_ON);;
                 ^~~~~~~~~~~
objs/autotest.c:8:17: note: each undeclared identifier is reported only once for each function it appears in
----------

#include <sys/types.h>
#include <unistd.h>
#include <sys/types.h>
                  #include <sys/fcntl.h>

int main(void) {
    directio(0, DIRECTIO_ON);;
    return 0;
}

----------
mips-linux-gnu-gcc -o objs/autotest objs/autotest.c
----------

----------------------------------------
checking for statfs()

objs/autotest.c: In function 'main':
objs/autotest.c:9:20: error: storage size of 'fs' isn't known
     struct statfs  fs;
                    ^~
objs/autotest.c:10:19: warning: implicit declaration of function 'statfs' [-Wimplicit-function-declaration]
                   statfs(".", &fs);;
                   ^~~~~~
----------

#include <sys/types.h>
#include <unistd.h>
#include <sys/param.h>
                  #include <sys/mount.h>
                  

int main(void) {
    struct statfs  fs;
                  statfs(".", &fs);;
    return 0;
}

----------
mips-linux-gnu-gcc -o objs/autotest objs/autotest.c
----------

----------------------------------------
checking for statvfs()


----------------------------------------
checking for dlopen()

/tmp/ccMkcbyy.o: In function `main':
autotest.c:(.text+0x18): undefined reference to `dlopen'
autotest.c:(.text+0x2c): undefined reference to `dlsym'
collect2: error: ld returned 1 exit status
----------

#include <sys/types.h>
#include <unistd.h>
#include <dlfcn.h>

int main(void) {
    dlopen(NULL, RTLD_NOW | RTLD_GLOBAL); dlsym(NULL, "");
    return 0;
}

----------
mips-linux-gnu-gcc -o objs/autotest objs/autotest.c
----------

----------------------------------------
checking for dlopen() in libdl


----------------------------------------
checking for sched_yield()


----------------------------------------
checking for sched_setaffinity()

objs/autotest.c: In function 'main':
objs/autotest.c:8:19: warning: implicit declaration of function 'CPU_ZERO'; did you mean 'FD_ZERO'? [-Wimplicit-function-declaration]
                   CPU_ZERO(&mask);
                   ^~~~~~~~
                   FD_ZERO
objs/autotest.c:9:19: warning: implicit declaration of function 'sched_setaffinity'; did you mean 'sched_setparam'? [-Wimplicit-function-declaration]
                   sched_setaffinity(0, sizeof(cpu_set_t), &mask);
                   ^~~~~~~~~~~~~~~~~
                   sched_setparam
/tmp/ccJu3wzM.o: In function `main':
autotest.c:(.text+0x18): undefined reference to `CPU_ZERO'
collect2: error: ld returned 1 exit status
----------

#include <sys/types.h>
#include <unistd.h>
#include <sched.h>

int main(void) {
    cpu_set_t mask;
                  CPU_ZERO(&mask);
                  sched_setaffinity(0, sizeof(cpu_set_t), &mask);
    return 0;
}

----------
mips-linux-gnu-gcc -o objs/autotest objs/autotest.c
----------

----------------------------------------
checking for SO_SETFIB

objs/autotest.c: In function 'main':
objs/autotest.c:7:31: error: 'SO_SETFIB' undeclared (first use in this function); did you mean 'SO_STYLE'?
     setsockopt(0, SOL_SOCKET, SO_SETFIB, NULL, 0);
                               ^~~~~~~~~
                               SO_STYLE
objs/autotest.c:7:31: note: each undeclared identifier is reported only once for each function it appears in
----------

#include <sys/types.h>
#include <unistd.h>
#include <sys/socket.h>

int main(void) {
    setsockopt(0, SOL_SOCKET, SO_SETFIB, NULL, 0);
    return 0;
}

----------
mips-linux-gnu-gcc -o objs/autotest objs/autotest.c
----------

----------------------------------------
checking for SO_REUSEPORT


----------------------------------------
checking for SO_ACCEPTFILTER

objs/autotest.c: In function 'main':
objs/autotest.c:7:31: error: 'SO_ACCEPTFILTER' undeclared (first use in this function); did you mean 'SO_LOCK_FILTER'?
     setsockopt(0, SOL_SOCKET, SO_ACCEPTFILTER, NULL, 0);
                               ^~~~~~~~~~~~~~~
                               SO_LOCK_FILTER
objs/autotest.c:7:31: note: each undeclared identifier is reported only once for each function it appears in
----------

#include <sys/types.h>
#include <unistd.h>
#include <sys/socket.h>

int main(void) {
    setsockopt(0, SOL_SOCKET, SO_ACCEPTFILTER, NULL, 0);
    return 0;
}

----------
mips-linux-gnu-gcc -o objs/autotest objs/autotest.c
----------

----------------------------------------
checking for SO_BINDANY

objs/autotest.c: In function 'main':
objs/autotest.c:7:31: error: 'SO_BINDANY' undeclared (first use in this function); did you mean 'SO_LINGER'?
     setsockopt(0, SOL_SOCKET, SO_BINDANY, NULL, 0);
                               ^~~~~~~~~~
                               SO_LINGER
objs/autotest.c:7:31: note: each undeclared identifier is reported only once for each function it appears in
----------

#include <sys/types.h>
#include <unistd.h>
#include <sys/socket.h>

int main(void) {
    setsockopt(0, SOL_SOCKET, SO_BINDANY, NULL, 0);
    return 0;
}

----------
mips-linux-gnu-gcc -o objs/autotest objs/autotest.c
----------

----------------------------------------
checking for IP_TRANSPARENT


----------------------------------------
checking for IP_BINDANY

objs/autotest.c: In function 'main':
objs/autotest.c:8:31: error: 'IP_BINDANY' undeclared (first use in this function); did you mean 'IP_MINTTL'?
     setsockopt(0, IPPROTO_IP, IP_BINDANY, NULL, 0);
                               ^~~~~~~~~~
                               IP_MINTTL
objs/autotest.c:8:31: note: each undeclared identifier is reported only once for each function it appears in
----------

#include <sys/types.h>
#include <unistd.h>
#include <sys/socket.h>
                  #include <netinet/in.h>

int main(void) {
    setsockopt(0, IPPROTO_IP, IP_BINDANY, NULL, 0);
    return 0;
}

----------
mips-linux-gnu-gcc -o objs/autotest objs/autotest.c
----------

----------------------------------------
checking for IP_BIND_ADDRESS_NO_PORT


----------------------------------------
checking for IP_RECVDSTADDR

objs/autotest.c: In function 'main':
objs/autotest.c:8:31: error: 'IP_RECVDSTADDR' undeclared (first use in this function); did you mean 'IP_ORIGDSTADDR'?
     setsockopt(0, IPPROTO_IP, IP_RECVDSTADDR, NULL, 0);
                               ^~~~~~~~~~~~~~
                               IP_ORIGDSTADDR
objs/autotest.c:8:31: note: each undeclared identifier is reported only once for each function it appears in
----------

#include <sys/types.h>
#include <unistd.h>
#include <sys/socket.h>
                  #include <netinet/in.h>

int main(void) {
    setsockopt(0, IPPROTO_IP, IP_RECVDSTADDR, NULL, 0);
    return 0;
}

----------
mips-linux-gnu-gcc -o objs/autotest objs/autotest.c
----------

----------------------------------------
checking for IP_SENDSRCADDR

objs/autotest.c: In function 'main':
objs/autotest.c:8:31: error: 'IP_SENDSRCADDR' undeclared (first use in this function); did you mean 'IP_ORIGDSTADDR'?
     setsockopt(0, IPPROTO_IP, IP_SENDSRCADDR, NULL, 0);
                               ^~~~~~~~~~~~~~
                               IP_ORIGDSTADDR
objs/autotest.c:8:31: note: each undeclared identifier is reported only once for each function it appears in
----------

#include <sys/types.h>
#include <unistd.h>
#include <sys/socket.h>
                  #include <netinet/in.h>

int main(void) {
    setsockopt(0, IPPROTO_IP, IP_SENDSRCADDR, NULL, 0);
    return 0;
}

----------
mips-linux-gnu-gcc -o objs/autotest objs/autotest.c
----------

----------------------------------------
checking for IP_PKTINFO


----------------------------------------
checking for IPV6_RECVPKTINFO


----------------------------------------
checking for TCP_DEFER_ACCEPT


----------------------------------------
checking for TCP_KEEPIDLE


----------------------------------------
checking for TCP_FASTOPEN


----------------------------------------
checking for TCP_INFO


----------------------------------------
checking for accept4()

objs/autotest.c: In function 'main':
objs/autotest.c:7:5: warning: implicit declaration of function 'accept4'; did you mean 'accept'? [-Wimplicit-function-declaration]
     accept4(0, NULL, NULL, SOCK_NONBLOCK);
     ^~~~~~~
     accept

----------------------------------------
checking for int size


----------------------------------------
checking for long size


----------------------------------------
checking for long long size


----------------------------------------
checking for void * size


----------------------------------------
checking for uint32_t


----------------------------------------
checking for uint64_t


----------------------------------------
checking for sig_atomic_t


----------------------------------------
checking for sig_atomic_t size


----------------------------------------
checking for socklen_t


----------------------------------------
checking for in_addr_t


----------------------------------------
checking for in_port_t


----------------------------------------
checking for rlim_t


----------------------------------------
checking for uintptr_t


----------------------------------------
checking for system byte ordering


----------------------------------------
checking for size_t size


----------------------------------------
checking for off_t size


----------------------------------------
checking for time_t size


----------------------------------------
checking for AF_INET6


----------------------------------------
checking for setproctitle()

objs/autotest.c: In function 'main':
objs/autotest.c:7:5: warning: implicit declaration of function 'setproctitle'; did you mean 'setstate'? [-Wimplicit-function-declaration]
     setproctitle("test");;
     ^~~~~~~~~~~~
     setstate
/tmp/ccrEKa4h.o: In function `main':
autotest.c:(.text+0x18): undefined reference to `setproctitle'
collect2: error: ld returned 1 exit status
----------

#include <sys/types.h>
#include <unistd.h>
#include <stdlib.h>

int main(void) {
    setproctitle("test");;
    return 0;
}

----------
mips-linux-gnu-gcc -o objs/autotest objs/autotest.c
----------

----------------------------------------
checking for pread()


----------------------------------------
checking for pwrite()


----------------------------------------
checking for pwritev()


----------------------------------------
checking for strerrordesc_np()

objs/autotest.c: In function 'main':
objs/autotest.c:7:18: warning: implicit declaration of function 'strerrordesc_np'; did you mean 'strerror_l'? [-Wimplicit-function-declaration]
     char *p; p = strerrordesc_np(0);
                  ^~~~~~~~~~~~~~~
                  strerror_l
objs/autotest.c:7:16: warning: assignment makes pointer from integer without a cast [-Wint-conversion]
     char *p; p = strerrordesc_np(0);
                ^
/tmp/ccODkxbx.o: In function `main':
autotest.c:(.text+0x14): undefined reference to `strerrordesc_np'
collect2: error: ld returned 1 exit status
----------

#include <sys/types.h>
#include <unistd.h>
#include <string.h>

int main(void) {
    char *p; p = strerrordesc_np(0);
                  if (p == NULL) return 1;
    return 0;
}

----------
mips-linux-gnu-gcc -o objs/autotest objs/autotest.c
----------

----------------------------------------
checking for sys_nerr

/tmp/ccA4OJGD.o: In function `main':
autotest.c:(.text+0x10): warning: `sys_nerr' is deprecated; use `strerror' or `strerror_r' instead
/bin/sh: 1: objs/autotest: Exec format error

----------------------------------------
checking for _sys_nerr

objs/autotest.c: In function 'main':
objs/autotest.c:8:18: error: '_sys_nerr' undeclared (first use in this function); did you mean 'sys_nerr'?
     printf("%d", _sys_nerr);;
                  ^~~~~~~~~
                  sys_nerr
objs/autotest.c:8:18: note: each undeclared identifier is reported only once for each function it appears in
----------

#include <sys/types.h>
#include <unistd.h>
#include <errno.h>
                      #include <stdio.h>

int main(void) {
    printf("%d", _sys_nerr);;
    return 0;
}

----------
mips-linux-gnu-gcc -o objs/autotest objs/autotest.c
----------

----------------------------------------
checking for localtime_r()


----------------------------------------
checking for clock_gettime(CLOCK_MONOTONIC)


----------------------------------------
checking for posix_memalign()


----------------------------------------
checking for memalign()


----------------------------------------
checking for mmap(MAP_ANON|MAP_SHARED)


----------------------------------------
checking for mmap("/dev/zero", MAP_SHARED)


----------------------------------------
checking for System V shared memory


----------------------------------------
checking for POSIX semaphores

/tmp/ccgurIt9.o: In function `main':
autotest.c:(.text+0x20): undefined reference to `sem_init'
autotest.c:(.text+0x4c): undefined reference to `sem_destroy'
collect2: error: ld returned 1 exit status
----------

#include <sys/types.h>
#include <unistd.h>
#include <semaphore.h>

int main(void) {
    sem_t  sem;
                  if (sem_init(&sem, 1, 0) == -1) return 1;
                  sem_destroy(&sem);;
    return 0;
}

----------
mips-linux-gnu-gcc -o objs/autotest objs/autotest.c
----------

----------------------------------------
checking for POSIX semaphores in libpthread


----------------------------------------
checking for struct msghdr.msg_control


----------------------------------------
checking for ioctl(FIONBIO)


----------------------------------------
checking for ioctl(FIONREAD)


----------------------------------------
checking for struct tm.tm_gmtoff


----------------------------------------
checking for struct dirent.d_namlen

objs/autotest.c: In function 'main':
objs/autotest.c:8:29: error: 'struct dirent' has no member named 'd_namlen'; did you mean 'd_name'?
     struct dirent  dir; dir.d_namlen = 0;
                             ^~~~~~~~
                             d_name
objs/autotest.c:9:42: error: 'struct dirent' has no member named 'd_namlen'; did you mean 'd_name'?
                   printf("%d", (int) dir.d_namlen);
                                          ^~~~~~~~
                                          d_name
----------

#include <sys/types.h>
#include <unistd.h>
#include <dirent.h>
                  #include <stdio.h>

int main(void) {
    struct dirent  dir; dir.d_namlen = 0;
                  printf("%d", (int) dir.d_namlen);
    return 0;
}

----------
mips-linux-gnu-gcc -o objs/autotest objs/autotest.c
----------

----------------------------------------
checking for struct dirent.d_type


----------------------------------------
checking for sysconf(_SC_NPROCESSORS_ONLN)


----------------------------------------
checking for sysconf(_SC_LEVEL1_DCACHE_LINESIZE)


----------------------------------------
checking for openat(), fstatat()


----------------------------------------
checking for getaddrinfo()

